<?xml version="1.0" encoding="UTF-8"?>
<!-- Generated by org.testng.reporters.JUnitXMLReporter -->
<testsuite ignored="0" hostname="LAPTOP-69G9OUFK" failures="0" tests="4" name="HomeLoan" time="0.04" errors="0" timestamp="2023-11-09T13:12:08 IST">
  <testcase classname="Test.Day4" name="mobileHomeLoan" time="0.002"/>
  <testcase classname="Test.Day4" name="webHomeLoan" time="0.002"/>
  <testcase classname="Test.Day4" name="webHomeLoan" time="0.005"/>
  <testcase classname="Test.Day4" name="apiHomeLoan" time="0.001"/>
</testsuite> <!-- HomeLoan -->
