<?xml version="1.0" encoding="UTF-8"?>
<!-- Generated by org.testng.reporters.JUnitXMLReporter -->
<testsuite ignored="2" hostname="LAPTOP-69G9OUFK" failures="0" tests="5" name="PersonalLoan" time="0.188" errors="0" timestamp="2023-11-09T13:12:08 IST">
  <testcase classname="Test.Day1" name="mobileEduLoan" time="0.011"/>
  <testcase classname="Test.Day1" name="apiEduLoan" time="0.011"/>
  <testcase classname="Test.Day2" name="mobileAndroidLoginPersonalLoan" time="0.002"/>
  <testcase classname="Test.Day1" name="webEduLoan" time="0.003"/>
  <testcase classname="Test.Day2" name="mobileIosLoginPersonalLoan" time="0.003"/>
  <testcase classname="Test.Day2" name="apiLoginPersonalLoan" time="0.0">
    <ignored/>
  </testcase> <!-- apiLoginPersonalLoan -->
  <testcase classname="Test.Day2" name="webLoginPersonalLoan" time="0.0">
    <ignored/>
  </testcase> <!-- webLoginPersonalLoan -->
</testsuite> <!-- PersonalLoan -->
