<?xml version="1.0" encoding="UTF-8"?>
<testng-results ignored="0" total="1" passed="1" failed="0" skipped="0">
  <reporter-output>
  </reporter-output>
  <suite started-at="2023-11-09T16:11:13 IST" name="Default suite" finished-at="2023-11-09T16:11:13 IST" duration-ms="95">
    <groups>
    </groups>
    <test started-at="2023-11-09T16:11:13 IST" name="Default test" finished-at="2023-11-09T16:11:13 IST" duration-ms="95">
      <class name="Inheritance.sample">
        <test-method is-config="true" signature="before()[pri:0, instance:Inheritance.sample@4f80542f]" started-at="2023-11-09T16:11:13 IST" name="before" finished-at="2023-11-09T16:11:13 IST" duration-ms="19" status="PASS">
          <reporter-output>
          </reporter-output>
        </test-method> <!-- before -->
        <test-method signature="demo()[pri:0, instance:Inheritance.sample@4f80542f]" started-at="2023-11-09T16:11:13 IST" name="demo" finished-at="2023-11-09T16:11:13 IST" duration-ms="9" status="PASS">
          <reporter-output>
          </reporter-output>
        </test-method> <!-- demo -->
        <test-method is-config="true" signature="after()[pri:0, instance:Inheritance.sample@4f80542f]" started-at="2023-11-09T16:11:13 IST" name="after" finished-at="2023-11-09T16:11:13 IST" duration-ms="2" status="PASS">
          <reporter-output>
          </reporter-output>
        </test-method> <!-- after -->
      </class> <!-- Inheritance.sample -->
    </test> <!-- Default test -->
  </suite> <!-- Default suite -->
</testng-results>
