<?xml version="1.0" encoding="UTF-8"?>
<!-- Generated by org.testng.reporters.JUnitReportReporter -->
<testsuite hostname="LAPTOP-69G9OUFK" failures="0" tests="4" name="Test.Day4" time="0.010" errors="0" timestamp="2023-11-09T13:12:09 IST" skipped="0">
  <testcase classname="Test.Day4" name="webHomeLoan" time="0.005"/>
  <testcase classname="Test.Day4" name="webHomeLoan" time="0.002"/>
  <testcase classname="Test.Day4" name="mobileHomeLoan" time="0.002"/>
  <testcase classname="Test.Day4" name="apiHomeLoan" time="0.001"/>
</testsuite> <!-- Test.Day4 -->
